# JRE version: OpenJDK Runtime Environment Zulu21.28+85-CA (21.0+35) (build 21+35)
# Java VM: OpenJDK 64-Bit Server VM Zulu21.28+85-CA (21+35, mixed mode, sharing, tiered, compressed oops, compressed class ptrs, g1 gc, windows-amd64)
GC Precious Log:
 CardTable entry size: 512
 Card Set container configuration: InlinePtr #cards 4 size 8 Array Of Cards #cards 16 size 48 Howl #buckets 8 coarsen threshold 3686 Howl Bitmap #cards 512 size 80 coarsen threshold 460 Card regions per heap region 1 cards per card region 4096
 CPUs: 12 total, 12 available
 Memory: 15660M
 Large Page Support: Disabled
 NUMA Support: Disabled
 Compressed Oops: Enabled (Zero based)
 Heap Region Size: 2M
 Heap Min Capacity: 8M
 Heap Initial Capacity: 246M
 Heap Max Capacity: 3916M
 Pre-touch: Disabled
 Parallel Workers: 10
 Concurrent Workers: 3
 Concurrent Refinement Workers: 10
 Periodic GC: Disabled
Heap:
 garbage-first heap   total 755712K, used 359441K [0x000000070b400000, 0x0000000800000000)
  region size 2048K, 1 young (2048K), 1 survivors (2048K)
 Metaspace       used 6132K, committed 6400K, reserved 1114112K
  class space    used 765K, committed 896K, reserved 1048576K
GC Heap History (20 events):
Event: 0.611 GC heap after
{Heap after GC invocations=15 (full 0):
 garbage-first heap   total 251904K, used 129945K [0x000000070b400000, 0x0000000800000000)
  region size 2048K, 2 young (4096K), 2 survivors (4096K)
 Metaspace       used 6132K, committed 6400K, reserved 1114112K
  class space    used 765K, committed 896K, reserved 1048576K
}
Event: 0.614 GC heap before
{Heap before GC invocations=16 (full 0):
 garbage-first heap   total 251904K, used 131993K [0x000000070b400000, 0x0000000800000000)
  region size 2048K, 3 young (6144K), 2 survivors (4096K)
 Metaspace       used 6132K, committed 6400K, reserved 1114112K
  class space    used 765K, committed 896K, reserved 1048576K
}
Event: 0.616 GC heap after
{Heap after GC invocations=17 (full 0):
 garbage-first heap   total 251904K, used 132354K [0x000000070b400000, 0x0000000800000000)
  region size 2048K, 2 young (4096K), 2 survivors (4096K)
 Metaspace       used 6132K, committed 6400K, reserved 1114112K
  class space    used 765K, committed 896K, reserved 1048576K
}
Event: 0.620 GC heap before
{Heap before GC invocations=18 (full 0):
 garbage-first heap   total 251904K, used 134402K [0x000000070b400000, 0x0000000800000000)
  region size 2048K, 3 young (6144K), 2 survivors (4096K)
 Metaspace       used 6132K, committed 6400K, reserved 1114112K
  class space    used 765K, committed 896K, reserved 1048576K
}
Event: 0.622 GC heap after
{Heap after GC invocations=19 (full 0):
 garbage-first heap   total 251904K, used 134018K [0x000000070b400000, 0x0000000800000000)
  region size 2048K, 2 young (4096K), 2 survivors (4096K)
 Metaspace       used 6132K, committed 6400K, reserved 1114112K
  class space    used 765K, committed 896K, reserved 1048576K
}
Event: 0.625 GC heap before
{Heap before GC invocations=20 (full 0):
 garbage-first heap   total 251904K, used 136066K [0x000000070b400000, 0x0000000800000000)
  region size 2048K, 3 young (6144K), 2 survivors (4096K)
 Metaspace       used 6132K, committed 6400K, reserved 1114112K
  class space    used 765K, committed 896K, reserved 1048576K
}
Event: 0.627 GC heap after
{Heap after GC invocations=21 (full 0):
 garbage-first heap   total 251904K, used 136033K [0x000000070b400000, 0x0000000800000000)
  region size 2048K, 2 young (4096K), 2 survivors (4096K)
 Metaspace       used 6132K, committed 6400K, reserved 1114112K
  class space    used 765K, committed 896K, reserved 1048576K
}
Event: 0.630 GC heap before
{Heap before GC invocations=22 (full 0):
 garbage-first heap   total 251904K, used 138081K [0x000000070b400000, 0x0000000800000000)
  region size 2048K, 3 young (6144K), 2 survivors (4096K)
 Metaspace       used 6132K, committed 6400K, reserved 1114112K
  class space    used 765K, committed 896K, reserved 1048576K
}
Event: 0.676 GC heap after
{Heap after GC invocations=23 (full 0):
 garbage-first heap   total 755712K, used 137984K [0x000000070b400000, 0x0000000800000000)
  region size 2048K, 2 young (4096K), 2 survivors (4096K)
 Metaspace       used 6132K, committed 6400K, reserved 1114112K
  class space    used 765K, committed 896K, reserved 1048576K
}
Event: 0.995 GC heap before
{Heap before GC invocations=23 (full 0):
 garbage-first heap   total 755712K, used 383744K [0x000000070b400000, 0x0000000800000000)
  region size 2048K, 24 young (49152K), 2 survivors (4096K)
 Metaspace       used 6132K, committed 6400K, reserved 1114112K
  class space    used 765K, committed 896K, reserved 1048576K
}
Event: 0.997 GC heap after
{Heap after GC invocations=24 (full 0):
 garbage-first heap   total 755712K, used 342804K [0x000000070b400000, 0x0000000800000000)
  region size 2048K, 2 young (4096K), 2 survivors (4096K)
 Metaspace       used 6132K, committed 6400K, reserved 1114112K
  class space    used 765K, committed 896K, reserved 1048576K
}
Event: 1.000 GC heap before
{Heap before GC invocations=24 (full 0):
 garbage-first heap   total 755712K, used 344852K [0x000000070b400000, 0x0000000800000000)
  region size 2048K, 3 young (6144K), 2 survivors (4096K)
 Metaspace       used 6132K, committed 6400K, reserved 1114112K
  class space    used 765K, committed 896K, reserved 1048576K
}
Event: 1.002 GC heap after
{Heap after GC invocations=25 (full 0):
 garbage-first heap   total 755712K, used 345010K [0x000000070b400000, 0x0000000800000000)
  region size 2048K, 2 young (4096K), 2 survivors (4096K)
 Metaspace       used 6132K, committed 6400K, reserved 1114112K
  class space    used 765K, committed 896K, reserved 1048576K
}
Event: 1.009 GC heap before
{Heap before GC invocations=26 (full 0):
 garbage-first heap   total 755712K, used 349106K [0x000000070b400000, 0x0000000800000000)
  region size 2048K, 3 young (6144K), 2 survivors (4096K)
 Metaspace       used 6132K, committed 6400K, reserved 1114112K
  class space    used 765K, committed 896K, reserved 1048576K
}
Event: 1.010 GC heap after
{Heap after GC invocations=27 (full 0):
 garbage-first heap   total 755712K, used 349204K [0x000000070b400000, 0x0000000800000000)
  region size 2048K, 1 young (2048K), 1 survivors (2048K)
 Metaspace       used 6132K, committed 6400K, reserved 1114112K
  class space    used 765K, committed 896K, reserved 1048576K
}
Event: 1.014 GC heap before
{Heap before GC invocations=28 (full 0):
 garbage-first heap   total 755712K, used 351252K [0x000000070b400000, 0x0000000800000000)
  region size 2048K, 2 young (4096K), 1 survivors (2048K)
 Metaspace       used 6132K, committed 6400K, reserved 1114112K
  class space    used 765K, committed 896K, reserved 1048576K
}
Event: 1.015 GC heap after
{Heap after GC invocations=29 (full 0):
 garbage-first heap   total 755712K, used 351285K [0x000000070b400000, 0x0000000800000000)
  region size 2048K, 1 young (2048K), 1 survivors (2048K)
 Metaspace       used 6132K, committed 6400K, reserved 1114112K
  class space    used 765K, committed 896K, reserved 1048576K
}
Event: 1.022 GC heap before
{Heap before GC invocations=30 (full 0):
 garbage-first heap   total 755712K, used 355381K [0x000000070b400000, 0x0000000800000000)
  region size 2048K, 2 young (4096K), 1 survivors (2048K)
 Metaspace       used 6132K, committed 6400K, reserved 1114112K
  class space    used 765K, committed 896K, reserved 1048576K
}
Event: 1.022 GC heap after
{Heap after GC invocations=31 (full 0):
 garbage-first heap   total 755712K, used 355345K [0x000000070b400000, 0x0000000800000000)
  region size 2048K, 1 young (2048K), 1 survivors (2048K)
 Metaspace       used 6132K, committed 6400K, reserved 1114112K
  class space    used 765K, committed 896K, reserved 1048576K
}
Event: 1.030 GC heap before
{Heap before GC invocations=32 (full 0):
 garbage-first heap   total 755712K, used 359441K [0x000000070b400000, 0x0000000800000000)
  region size 2048K, 2 young (4096K), 1 survivors (2048K)
 Metaspace       used 6132K, committed 6400K, reserved 1114112K
  class space    used 765K, committed 896K, reserved 1048576K
}

