# JRE version: OpenJDK Runtime Environment Zulu21.28+85-CA (21.0+35) (build 21+35)
# Java VM: OpenJDK 64-Bit Server VM Zulu21.28+85-CA (21+35, mixed mode, sharing, tiered, compressed oops, compressed class ptrs, g1 gc, windows-amd64)
GC Precious Log:
 CardTable entry size: 512
 Card Set container configuration: InlinePtr #cards 4 size 8 Array Of Cards #cards 16 size 48 Howl #buckets 8 coarsen threshold 3686 Howl Bitmap #cards 512 size 80 coarsen threshold 460 Card regions per heap region 1 cards per card region 4096
 CPUs: 12 total, 12 available
 Memory: 15663M
 Large Page Support: Disabled
 NUMA Support: Disabled
 Compressed Oops: Enabled (Zero based)
 Heap Region Size: 2M
 Heap Min Capacity: 8M
 Heap Initial Capacity: 246M
 Heap Max Capacity: 3916M
 Pre-touch: Disabled
 Parallel Workers: 10
 Concurrent Workers: 3
 Concurrent Refinement Workers: 10
 Periodic GC: Disabled
Heap:
 garbage-first heap   total 303104K, used 146412K [0x000000070b400000, 0x0000000800000000)
  region size 2048K, 1 young (2048K), 1 survivors (2048K)
 Metaspace       used 6123K, committed 6400K, reserved 1114112K
  class space    used 764K, committed 896K, reserved 1048576K
GC Heap History (20 events):
Event: 0.623 GC heap after
{Heap after GC invocations=11 (full 0):
 garbage-first heap   total 251904K, used 125859K [0x000000070b400000, 0x0000000800000000)
  region size 2048K, 2 young (4096K), 2 survivors (4096K)
 Metaspace       used 6123K, committed 6400K, reserved 1114112K
  class space    used 764K, committed 896K, reserved 1048576K
}
Event: 0.627 GC heap before
{Heap before GC invocations=12 (full 0):
 garbage-first heap   total 251904K, used 127907K [0x000000070b400000, 0x0000000800000000)
  region size 2048K, 3 young (6144K), 2 survivors (4096K)
 Metaspace       used 6123K, committed 6400K, reserved 1114112K
  class space    used 764K, committed 896K, reserved 1048576K
}
Event: 0.628 GC heap after
{Heap after GC invocations=13 (full 0):
 garbage-first heap   total 251904K, used 128352K [0x000000070b400000, 0x0000000800000000)
  region size 2048K, 2 young (4096K), 2 survivors (4096K)
 Metaspace       used 6123K, committed 6400K, reserved 1114112K
  class space    used 764K, committed 896K, reserved 1048576K
}
Event: 0.634 GC heap before
{Heap before GC invocations=14 (full 0):
 garbage-first heap   total 251904K, used 130400K [0x000000070b400000, 0x0000000800000000)
  region size 2048K, 3 young (6144K), 2 survivors (4096K)
 Metaspace       used 6123K, committed 6400K, reserved 1114112K
  class space    used 764K, committed 896K, reserved 1048576K
}
Event: 0.636 GC heap after
{Heap after GC invocations=15 (full 0):
 garbage-first heap   total 251904K, used 129902K [0x000000070b400000, 0x0000000800000000)
  region size 2048K, 2 young (4096K), 2 survivors (4096K)
 Metaspace       used 6123K, committed 6400K, reserved 1114112K
  class space    used 764K, committed 896K, reserved 1048576K
}
Event: 0.639 GC heap before
{Heap before GC invocations=16 (full 0):
 garbage-first heap   total 251904K, used 131950K [0x000000070b400000, 0x0000000800000000)
  region size 2048K, 3 young (6144K), 2 survivors (4096K)
 Metaspace       used 6123K, committed 6400K, reserved 1114112K
  class space    used 764K, committed 896K, reserved 1048576K
}
Event: 0.640 GC heap after
{Heap after GC invocations=17 (full 0):
 garbage-first heap   total 251904K, used 132438K [0x000000070b400000, 0x0000000800000000)
  region size 2048K, 2 young (4096K), 2 survivors (4096K)
 Metaspace       used 6123K, committed 6400K, reserved 1114112K
  class space    used 764K, committed 896K, reserved 1048576K
}
Event: 0.644 GC heap before
{Heap before GC invocations=18 (full 0):
 garbage-first heap   total 251904K, used 134486K [0x000000070b400000, 0x0000000800000000)
  region size 2048K, 3 young (6144K), 2 survivors (4096K)
 Metaspace       used 6123K, committed 6400K, reserved 1114112K
  class space    used 764K, committed 896K, reserved 1048576K
}
Event: 0.646 GC heap after
{Heap after GC invocations=19 (full 0):
 garbage-first heap   total 251904K, used 134319K [0x000000070b400000, 0x0000000800000000)
  region size 2048K, 2 young (4096K), 2 survivors (4096K)
 Metaspace       used 6123K, committed 6400K, reserved 1114112K
  class space    used 764K, committed 896K, reserved 1048576K
}
Event: 0.651 GC heap before
{Heap before GC invocations=20 (full 0):
 garbage-first heap   total 251904K, used 136367K [0x000000070b400000, 0x0000000800000000)
  region size 2048K, 3 young (6144K), 2 survivors (4096K)
 Metaspace       used 6123K, committed 6400K, reserved 1114112K
  class space    used 764K, committed 896K, reserved 1048576K
}
Event: 0.652 GC heap after
{Heap after GC invocations=21 (full 0):
 garbage-first heap   total 303104K, used 135968K [0x000000070b400000, 0x0000000800000000)
  region size 2048K, 2 young (4096K), 2 survivors (4096K)
 Metaspace       used 6123K, committed 6400K, reserved 1114112K
  class space    used 764K, committed 896K, reserved 1048576K
}
Event: 0.657 GC heap before
{Heap before GC invocations=21 (full 0):
 garbage-first heap   total 303104K, used 138016K [0x000000070b400000, 0x0000000800000000)
  region size 2048K, 3 young (6144K), 2 survivors (4096K)
 Metaspace       used 6123K, committed 6400K, reserved 1114112K
  class space    used 764K, committed 896K, reserved 1048576K
}
Event: 0.659 GC heap after
{Heap after GC invocations=22 (full 0):
 garbage-first heap   total 303104K, used 138135K [0x000000070b400000, 0x0000000800000000)
  region size 2048K, 2 young (4096K), 2 survivors (4096K)
 Metaspace       used 6123K, committed 6400K, reserved 1114112K
  class space    used 764K, committed 896K, reserved 1048576K
}
Event: 0.665 GC heap before
{Heap before GC invocations=22 (full 0):
 garbage-first heap   total 303104K, used 140183K [0x000000070b400000, 0x0000000800000000)
  region size 2048K, 3 young (6144K), 2 survivors (4096K)
 Metaspace       used 6123K, committed 6400K, reserved 1114112K
  class space    used 764K, committed 896K, reserved 1048576K
}
Event: 0.667 GC heap after
{Heap after GC invocations=23 (full 0):
 garbage-first heap   total 303104K, used 140189K [0x000000070b400000, 0x0000000800000000)
  region size 2048K, 2 young (4096K), 2 survivors (4096K)
 Metaspace       used 6123K, committed 6400K, reserved 1114112K
  class space    used 764K, committed 896K, reserved 1048576K
}
Event: 0.672 GC heap before
{Heap before GC invocations=24 (full 0):
 garbage-first heap   total 303104K, used 142237K [0x000000070b400000, 0x0000000800000000)
  region size 2048K, 3 young (6144K), 2 survivors (4096K)
 Metaspace       used 6123K, committed 6400K, reserved 1114112K
  class space    used 764K, committed 896K, reserved 1048576K
}
Event: 0.673 GC heap after
{Heap after GC invocations=25 (full 0):
 garbage-first heap   total 303104K, used 142225K [0x000000070b400000, 0x0000000800000000)
  region size 2048K, 2 young (4096K), 2 survivors (4096K)
 Metaspace       used 6123K, committed 6400K, reserved 1114112K
  class space    used 764K, committed 896K, reserved 1048576K
}
Event: 0.677 GC heap before
{Heap before GC invocations=26 (full 0):
 garbage-first heap   total 303104K, used 144273K [0x000000070b400000, 0x0000000800000000)
  region size 2048K, 3 young (6144K), 2 survivors (4096K)
 Metaspace       used 6123K, committed 6400K, reserved 1114112K
  class space    used 764K, committed 896K, reserved 1048576K
}
Event: 0.679 GC heap after
{Heap after GC invocations=27 (full 0):
 garbage-first heap   total 303104K, used 144332K [0x000000070b400000, 0x0000000800000000)
  region size 2048K, 1 young (2048K), 1 survivors (2048K)
 Metaspace       used 6123K, committed 6400K, reserved 1114112K
  class space    used 764K, committed 896K, reserved 1048576K
}
Event: 0.682 GC heap before
{Heap before GC invocations=28 (full 0):
 garbage-first heap   total 303104K, used 146380K [0x000000070b400000, 0x0000000800000000)
  region size 2048K, 2 young (4096K), 1 survivors (2048K)
 Metaspace       used 6123K, committed 6400K, reserved 1114112K
  class space    used 764K, committed 896K, reserved 1048576K
}

