# JRE version: OpenJDK Runtime Environment Zulu21.28+85-CA (21.0+35) (build 21+35)
# Java VM: OpenJDK 64-Bit Server VM Zulu21.28+85-CA (21+35, mixed mode, sharing, tiered, compressed oops, compressed class ptrs, g1 gc, windows-amd64)
GC Precious Log:
 CardTable entry size: 512
 Card Set container configuration: InlinePtr #cards 4 size 8 Array Of Cards #cards 16 size 48 Howl #buckets 8 coarsen threshold 3686 Howl Bitmap #cards 512 size 80 coarsen threshold 460 Card regions per heap region 1 cards per card region 4096
 CPUs: 12 total, 12 available
 Memory: 15663M
 Large Page Support: Disabled
 NUMA Support: Disabled
 Compressed Oops: Enabled (Zero based)
 Heap Region Size: 2M
 Heap Min Capacity: 8M
 Heap Initial Capacity: 246M
 Heap Max Capacity: 3916M
 Pre-touch: Disabled
 Parallel Workers: 10
 Concurrent Workers: 3
 Concurrent Refinement Workers: 10
 Periodic GC: Disabled
Heap:
 garbage-first heap   total 251904K, used 138284K [0x000000070b400000, 0x0000000800000000)
  region size 2048K, 2 young (4096K), 2 survivors (4096K)
 Metaspace       used 6133K, committed 6400K, reserved 1114112K
  class space    used 766K, committed 896K, reserved 1048576K
GC Heap History (20 events):
Event: 0.568 GC heap after
{Heap after GC invocations=3 (full 0):
 garbage-first heap   total 251904K, used 117582K [0x000000070b400000, 0x0000000800000000)
  region size 2048K, 2 young (4096K), 2 survivors (4096K)
 Metaspace       used 6133K, committed 6400K, reserved 1114112K
  class space    used 766K, committed 896K, reserved 1048576K
}
Event: 0.572 GC heap before
{Heap before GC invocations=4 (full 0):
 garbage-first heap   total 251904K, used 119630K [0x000000070b400000, 0x0000000800000000)
  region size 2048K, 3 young (6144K), 2 survivors (4096K)
 Metaspace       used 6133K, committed 6400K, reserved 1114112K
  class space    used 766K, committed 896K, reserved 1048576K
}
Event: 0.573 GC heap after
{Heap after GC invocations=5 (full 0):
 garbage-first heap   total 251904K, used 119679K [0x000000070b400000, 0x0000000800000000)
  region size 2048K, 2 young (4096K), 2 survivors (4096K)
 Metaspace       used 6133K, committed 6400K, reserved 1114112K
  class space    used 766K, committed 896K, reserved 1048576K
}
Event: 0.576 GC heap before
{Heap before GC invocations=6 (full 0):
 garbage-first heap   total 251904K, used 121727K [0x000000070b400000, 0x0000000800000000)
  region size 2048K, 3 young (6144K), 2 survivors (4096K)
 Metaspace       used 6133K, committed 6400K, reserved 1114112K
  class space    used 766K, committed 896K, reserved 1048576K
}
Event: 0.578 GC heap after
{Heap after GC invocations=7 (full 0):
 garbage-first heap   total 251904K, used 121558K [0x000000070b400000, 0x0000000800000000)
  region size 2048K, 2 young (4096K), 2 survivors (4096K)
 Metaspace       used 6133K, committed 6400K, reserved 1114112K
  class space    used 766K, committed 896K, reserved 1048576K
}
Event: 0.581 GC heap before
{Heap before GC invocations=8 (full 0):
 garbage-first heap   total 251904K, used 123606K [0x000000070b400000, 0x0000000800000000)
  region size 2048K, 3 young (6144K), 2 survivors (4096K)
 Metaspace       used 6133K, committed 6400K, reserved 1114112K
  class space    used 766K, committed 896K, reserved 1048576K
}
Event: 0.582 GC heap after
{Heap after GC invocations=9 (full 0):
 garbage-first heap   total 251904K, used 123716K [0x000000070b400000, 0x0000000800000000)
  region size 2048K, 2 young (4096K), 2 survivors (4096K)
 Metaspace       used 6133K, committed 6400K, reserved 1114112K
  class space    used 766K, committed 896K, reserved 1048576K
}
Event: 0.585 GC heap before
{Heap before GC invocations=10 (full 0):
 garbage-first heap   total 251904K, used 125764K [0x000000070b400000, 0x0000000800000000)
  region size 2048K, 3 young (6144K), 2 survivors (4096K)
 Metaspace       used 6133K, committed 6400K, reserved 1114112K
  class space    used 766K, committed 896K, reserved 1048576K
}
Event: 0.587 GC heap after
{Heap after GC invocations=11 (full 0):
 garbage-first heap   total 251904K, used 126204K [0x000000070b400000, 0x0000000800000000)
  region size 2048K, 2 young (4096K), 2 survivors (4096K)
 Metaspace       used 6133K, committed 6400K, reserved 1114112K
  class space    used 766K, committed 896K, reserved 1048576K
}
Event: 0.590 GC heap before
{Heap before GC invocations=12 (full 0):
 garbage-first heap   total 251904K, used 128252K [0x000000070b400000, 0x0000000800000000)
  region size 2048K, 3 young (6144K), 2 survivors (4096K)
 Metaspace       used 6133K, committed 6400K, reserved 1114112K
  class space    used 766K, committed 896K, reserved 1048576K
}
Event: 0.591 GC heap after
{Heap after GC invocations=13 (full 0):
 garbage-first heap   total 251904K, used 127858K [0x000000070b400000, 0x0000000800000000)
  region size 2048K, 2 young (4096K), 2 survivors (4096K)
 Metaspace       used 6133K, committed 6400K, reserved 1114112K
  class space    used 766K, committed 896K, reserved 1048576K
}
Event: 0.594 GC heap before
{Heap before GC invocations=14 (full 0):
 garbage-first heap   total 251904K, used 129906K [0x000000070b400000, 0x0000000800000000)
  region size 2048K, 3 young (6144K), 2 survivors (4096K)
 Metaspace       used 6133K, committed 6400K, reserved 1114112K
  class space    used 766K, committed 896K, reserved 1048576K
}
Event: 0.596 GC heap after
{Heap after GC invocations=15 (full 0):
 garbage-first heap   total 251904K, used 130035K [0x000000070b400000, 0x0000000800000000)
  region size 2048K, 2 young (4096K), 2 survivors (4096K)
 Metaspace       used 6133K, committed 6400K, reserved 1114112K
  class space    used 766K, committed 896K, reserved 1048576K
}
Event: 0.599 GC heap before
{Heap before GC invocations=16 (full 0):
 garbage-first heap   total 251904K, used 132083K [0x000000070b400000, 0x0000000800000000)
  region size 2048K, 3 young (6144K), 2 survivors (4096K)
 Metaspace       used 6133K, committed 6400K, reserved 1114112K
  class space    used 766K, committed 896K, reserved 1048576K
}
Event: 0.600 GC heap after
{Heap after GC invocations=17 (full 0):
 garbage-first heap   total 251904K, used 131952K [0x000000070b400000, 0x0000000800000000)
  region size 2048K, 2 young (4096K), 2 survivors (4096K)
 Metaspace       used 6133K, committed 6400K, reserved 1114112K
  class space    used 766K, committed 896K, reserved 1048576K
}
Event: 0.604 GC heap before
{Heap before GC invocations=18 (full 0):
 garbage-first heap   total 251904K, used 134000K [0x000000070b400000, 0x0000000800000000)
  region size 2048K, 3 young (6144K), 2 survivors (4096K)
 Metaspace       used 6133K, committed 6400K, reserved 1114112K
  class space    used 766K, committed 896K, reserved 1048576K
}
Event: 0.605 GC heap after
{Heap after GC invocations=19 (full 0):
 garbage-first heap   total 251904K, used 134006K [0x000000070b400000, 0x0000000800000000)
  region size 2048K, 2 young (4096K), 2 survivors (4096K)
 Metaspace       used 6133K, committed 6400K, reserved 1114112K
  class space    used 766K, committed 896K, reserved 1048576K
}
Event: 0.609 GC heap before
{Heap before GC invocations=20 (full 0):
 garbage-first heap   total 251904K, used 136054K [0x000000070b400000, 0x0000000800000000)
  region size 2048K, 3 young (6144K), 2 survivors (4096K)
 Metaspace       used 6133K, committed 6400K, reserved 1114112K
  class space    used 766K, committed 896K, reserved 1048576K
}
Event: 0.610 GC heap after
{Heap after GC invocations=21 (full 0):
 garbage-first heap   total 251904K, used 136134K [0x000000070b400000, 0x0000000800000000)
  region size 2048K, 2 young (4096K), 2 survivors (4096K)
 Metaspace       used 6133K, committed 6400K, reserved 1114112K
  class space    used 766K, committed 896K, reserved 1048576K
}
Event: 0.613 GC heap before
{Heap before GC invocations=22 (full 0):
 garbage-first heap   total 251904K, used 138182K [0x000000070b400000, 0x0000000800000000)
  region size 2048K, 3 young (6144K), 2 survivors (4096K)
 Metaspace       used 6133K, committed 6400K, reserved 1114112K
  class space    used 766K, committed 896K, reserved 1048576K
}

