# JRE version: OpenJDK Runtime Environment Zulu21.28+85-CA (21.0+35) (build 21+35)
# Java VM: OpenJDK 64-Bit Server VM Zulu21.28+85-CA (21+35, mixed mode, sharing, tiered, compressed oops, compressed class ptrs, g1 gc, windows-amd64)
GC Precious Log:
 CardTable entry size: 512
 Card Set container configuration: InlinePtr #cards 4 size 8 Array Of Cards #cards 16 size 48 Howl #buckets 8 coarsen threshold 3686 Howl Bitmap #cards 512 size 80 coarsen threshold 460 Card regions per heap region 1 cards per card region 4096
 CPUs: 12 total, 12 available
 Memory: 15660M
 Large Page Support: Disabled
 NUMA Support: Disabled
 Compressed Oops: Enabled (Zero based)
 Heap Region Size: 2M
 Heap Min Capacity: 8M
 Heap Initial Capacity: 8M
 Heap Max Capacity: 3916M
 Pre-touch: Disabled
 Parallel Workers: 10
 Concurrent Workers: 3
 Concurrent Refinement Workers: 10
 Periodic GC: Disabled
Heap:
 garbage-first heap   total 14336K, used 6628K [0x000000070b400000, 0x0000000800000000)
  region size 2048K, 1 young (2048K), 1 survivors (2048K)
 Metaspace       used 9281K, committed 9472K, reserved 1114112K
  class space    used 1028K, committed 1088K, reserved 1048576K
GC Heap History (17 events):
Event: 0.112 GC heap before
{Heap before GC invocations=0 (full 0):
 garbage-first heap   total 8192K, used 2048K [0x000000070b400000, 0x0000000800000000)
  region size 2048K, 1 young (2048K), 0 survivors (0K)
 Metaspace       used 1229K, committed 1408K, reserved 1114112K
  class space    used 133K, committed 192K, reserved 1048576K
}
Event: 0.115 GC heap after
{Heap after GC invocations=1 (full 0):
 garbage-first heap   total 8192K, used 1120K [0x000000070b400000, 0x0000000800000000)
  region size 2048K, 1 young (2048K), 1 survivors (2048K)
 Metaspace       used 1229K, committed 1408K, reserved 1114112K
  class space    used 133K, committed 192K, reserved 1048576K
}
Event: 0.212 GC heap before
{Heap before GC invocations=1 (full 0):
 garbage-first heap   total 8192K, used 3168K [0x000000070b400000, 0x0000000800000000)
  region size 2048K, 2 young (4096K), 1 survivors (2048K)
 Metaspace       used 3842K, committed 4032K, reserved 1114112K
  class space    used 450K, committed 512K, reserved 1048576K
}
Event: 0.214 GC heap after
{Heap after GC invocations=2 (full 0):
 garbage-first heap   total 8192K, used 1662K [0x000000070b400000, 0x0000000800000000)
  region size 2048K, 1 young (2048K), 1 survivors (2048K)
 Metaspace       used 3842K, committed 4032K, reserved 1114112K
  class space    used 450K, committed 512K, reserved 1048576K
}
Event: 0.354 GC heap before
{Heap before GC invocations=2 (full 0):
 garbage-first heap   total 8192K, used 3710K [0x000000070b400000, 0x0000000800000000)
  region size 2048K, 2 young (4096K), 1 survivors (2048K)
 Metaspace       used 7847K, committed 8064K, reserved 1114112K
  class space    used 886K, committed 960K, reserved 1048576K
}
Event: 0.356 GC heap after
{Heap after GC invocations=3 (full 0):
 garbage-first heap   total 8192K, used 2593K [0x000000070b400000, 0x0000000800000000)
  region size 2048K, 1 young (2048K), 1 survivors (2048K)
 Metaspace       used 7847K, committed 8064K, reserved 1114112K
  class space    used 886K, committed 960K, reserved 1048576K
}
Event: 0.393 GC heap before
{Heap before GC invocations=3 (full 0):
 garbage-first heap   total 8192K, used 2593K [0x000000070b400000, 0x0000000800000000)
  region size 2048K, 2 young (4096K), 1 survivors (2048K)
 Metaspace       used 8069K, committed 8192K, reserved 1114112K
  class space    used 897K, committed 960K, reserved 1048576K
}
Event: 0.394 GC heap after
{Heap after GC invocations=4 (full 0):
 garbage-first heap   total 8192K, used 3292K [0x000000070b400000, 0x0000000800000000)
  region size 2048K, 1 young (2048K), 1 survivors (2048K)
 Metaspace       used 8069K, committed 8192K, reserved 1114112K
  class space    used 897K, committed 960K, reserved 1048576K
}
Event: 0.421 GC heap before
{Heap before GC invocations=4 (full 0):
 garbage-first heap   total 8192K, used 5340K [0x000000070b400000, 0x0000000800000000)
  region size 2048K, 2 young (4096K), 1 survivors (2048K)
 Metaspace       used 8115K, committed 8256K, reserved 1114112K
  class space    used 897K, committed 960K, reserved 1048576K
}
Event: 0.423 GC heap after
{Heap after GC invocations=5 (full 0):
 garbage-first heap   total 14336K, used 3640K [0x000000070b400000, 0x0000000800000000)
  region size 2048K, 1 young (2048K), 1 survivors (2048K)
 Metaspace       used 8115K, committed 8256K, reserved 1114112K
  class space    used 897K, committed 960K, reserved 1048576K
}
Event: 0.442 GC heap before
{Heap before GC invocations=5 (full 0):
 garbage-first heap   total 14336K, used 5688K [0x000000070b400000, 0x0000000800000000)
  region size 2048K, 2 young (4096K), 1 survivors (2048K)
 Metaspace       used 8153K, committed 8320K, reserved 1114112K
  class space    used 897K, committed 960K, reserved 1048576K
}
Event: 0.444 GC heap after
{Heap after GC invocations=6 (full 0):
 garbage-first heap   total 14336K, used 4002K [0x000000070b400000, 0x0000000800000000)
  region size 2048K, 1 young (2048K), 1 survivors (2048K)
 Metaspace       used 8153K, committed 8320K, reserved 1114112K
  class space    used 897K, committed 960K, reserved 1048576K
}
Event: 0.461 GC heap before
{Heap before GC invocations=6 (full 0):
 garbage-first heap   total 14336K, used 6050K [0x000000070b400000, 0x0000000800000000)
  region size 2048K, 2 young (4096K), 1 survivors (2048K)
 Metaspace       used 8192K, committed 8384K, reserved 1114112K
  class space    used 901K, committed 960K, reserved 1048576K
}
Event: 0.463 GC heap after
{Heap after GC invocations=7 (full 0):
 garbage-first heap   total 14336K, used 4420K [0x000000070b400000, 0x0000000800000000)
  region size 2048K, 1 young (2048K), 1 survivors (2048K)
 Metaspace       used 8192K, committed 8384K, reserved 1114112K
  class space    used 901K, committed 960K, reserved 1048576K
}
Event: 0.566 GC heap before
{Heap before GC invocations=7 (full 0):
 garbage-first heap   total 14336K, used 8516K [0x000000070b400000, 0x0000000800000000)
  region size 2048K, 3 young (6144K), 1 survivors (2048K)
 Metaspace       used 9125K, committed 9344K, reserved 1114112K
  class space    used 1008K, committed 1088K, reserved 1048576K
}
Event: 0.572 GC heap after
{Heap after GC invocations=8 (full 0):
 garbage-first heap   total 14336K, used 6077K [0x000000070b400000, 0x0000000800000000)
  region size 2048K, 1 young (2048K), 1 survivors (2048K)
 Metaspace       used 9125K, committed 9344K, reserved 1114112K
  class space    used 1008K, committed 1088K, reserved 1048576K
}
Event: 0.598 GC heap before
{Heap before GC invocations=8 (full 0):
 garbage-first heap   total 14336K, used 8125K [0x000000070b400000, 0x0000000800000000)
  region size 2048K, 2 young (4096K), 1 survivors (2048K)
 Metaspace       used 9281K, committed 9472K, reserved 1114112K
  class space    used 1028K, committed 1088K, reserved 1048576K
}

