# JRE version: OpenJDK Runtime Environment Zulu21.28+85-CA (21.0+35) (build 21+35)
# Java VM: OpenJDK 64-Bit Server VM Zulu21.28+85-CA (21+35, mixed mode, sharing, tiered, compressed oops, compressed class ptrs, g1 gc, windows-amd64)
GC Precious Log:
 CardTable entry size: 512
 Card Set container configuration: InlinePtr #cards 4 size 8 Array Of Cards #cards 16 size 48 Howl #buckets 8 coarsen threshold 3686 Howl Bitmap #cards 512 size 80 coarsen threshold 460 Card regions per heap region 1 cards per card region 4096
 CPUs: 12 total, 12 available
 Memory: 15663M
 Large Page Support: Disabled
 NUMA Support: Disabled
 Compressed Oops: Enabled (Zero based)
 Heap Region Size: 2M
 Heap Min Capacity: 8M
 Heap Initial Capacity: 246M
 Heap Max Capacity: 3916M
 Pre-touch: Disabled
 Parallel Workers: 10
 Concurrent Workers: 3
 Concurrent Refinement Workers: 10
 Periodic GC: Disabled
Heap:
 garbage-first heap   total 755712K, used 359430K [0x000000070b400000, 0x0000000800000000)
  region size 2048K, 1 young (2048K), 1 survivors (2048K)
 Metaspace       used 6124K, committed 6400K, reserved 1114112K
  class space    used 766K, committed 896K, reserved 1048576K
GC Heap History (20 events):
Event: 0.536 GC heap after
{Heap after GC invocations=15 (full 0):
 garbage-first heap   total 251904K, used 129876K [0x000000070b400000, 0x0000000800000000)
  region size 2048K, 2 young (4096K), 2 survivors (4096K)
 Metaspace       used 6124K, committed 6400K, reserved 1114112K
  class space    used 766K, committed 896K, reserved 1048576K
}
Event: 0.539 GC heap before
{Heap before GC invocations=16 (full 0):
 garbage-first heap   total 251904K, used 131924K [0x000000070b400000, 0x0000000800000000)
  region size 2048K, 3 young (6144K), 2 survivors (4096K)
 Metaspace       used 6124K, committed 6400K, reserved 1114112K
  class space    used 766K, committed 896K, reserved 1048576K
}
Event: 0.540 GC heap after
{Heap after GC invocations=17 (full 0):
 garbage-first heap   total 251904K, used 131973K [0x000000070b400000, 0x0000000800000000)
  region size 2048K, 2 young (4096K), 2 survivors (4096K)
 Metaspace       used 6124K, committed 6400K, reserved 1114112K
  class space    used 766K, committed 896K, reserved 1048576K
}
Event: 0.543 GC heap before
{Heap before GC invocations=18 (full 0):
 garbage-first heap   total 251904K, used 134021K [0x000000070b400000, 0x0000000800000000)
  region size 2048K, 3 young (6144K), 2 survivors (4096K)
 Metaspace       used 6124K, committed 6400K, reserved 1114112K
  class space    used 766K, committed 896K, reserved 1048576K
}
Event: 0.545 GC heap after
{Heap after GC invocations=19 (full 0):
 garbage-first heap   total 251904K, used 134030K [0x000000070b400000, 0x0000000800000000)
  region size 2048K, 2 young (4096K), 2 survivors (4096K)
 Metaspace       used 6124K, committed 6400K, reserved 1114112K
  class space    used 766K, committed 896K, reserved 1048576K
}
Event: 0.548 GC heap before
{Heap before GC invocations=20 (full 0):
 garbage-first heap   total 251904K, used 136078K [0x000000070b400000, 0x0000000800000000)
  region size 2048K, 3 young (6144K), 2 survivors (4096K)
 Metaspace       used 6124K, committed 6400K, reserved 1114112K
  class space    used 766K, committed 896K, reserved 1048576K
}
Event: 0.549 GC heap after
{Heap after GC invocations=21 (full 0):
 garbage-first heap   total 251904K, used 136396K [0x000000070b400000, 0x0000000800000000)
  region size 2048K, 2 young (4096K), 2 survivors (4096K)
 Metaspace       used 6124K, committed 6400K, reserved 1114112K
  class space    used 766K, committed 896K, reserved 1048576K
}
Event: 0.552 GC heap before
{Heap before GC invocations=22 (full 0):
 garbage-first heap   total 251904K, used 138444K [0x000000070b400000, 0x0000000800000000)
  region size 2048K, 3 young (6144K), 2 survivors (4096K)
 Metaspace       used 6124K, committed 6400K, reserved 1114112K
  class space    used 766K, committed 896K, reserved 1048576K
}
Event: 0.594 GC heap after
{Heap after GC invocations=23 (full 0):
 garbage-first heap   total 755712K, used 138203K [0x000000070b400000, 0x0000000800000000)
  region size 2048K, 2 young (4096K), 2 survivors (4096K)
 Metaspace       used 6124K, committed 6400K, reserved 1114112K
  class space    used 766K, committed 896K, reserved 1048576K
}
Event: 0.888 GC heap before
{Heap before GC invocations=23 (full 0):
 garbage-first heap   total 755712K, used 383963K [0x000000070b400000, 0x0000000800000000)
  region size 2048K, 24 young (49152K), 2 survivors (4096K)
 Metaspace       used 6124K, committed 6400K, reserved 1114112K
  class space    used 766K, committed 896K, reserved 1048576K
}
Event: 0.889 GC heap after
{Heap after GC invocations=24 (full 0):
 garbage-first heap   total 755712K, used 342819K [0x000000070b400000, 0x0000000800000000)
  region size 2048K, 2 young (4096K), 2 survivors (4096K)
 Metaspace       used 6124K, committed 6400K, reserved 1114112K
  class space    used 766K, committed 896K, reserved 1048576K
}
Event: 0.892 GC heap before
{Heap before GC invocations=24 (full 0):
 garbage-first heap   total 755712K, used 344867K [0x000000070b400000, 0x0000000800000000)
  region size 2048K, 3 young (6144K), 2 survivors (4096K)
 Metaspace       used 6124K, committed 6400K, reserved 1114112K
  class space    used 766K, committed 896K, reserved 1048576K
}
Event: 0.893 GC heap after
{Heap after GC invocations=25 (full 0):
 garbage-first heap   total 755712K, used 345385K [0x000000070b400000, 0x0000000800000000)
  region size 2048K, 2 young (4096K), 2 survivors (4096K)
 Metaspace       used 6124K, committed 6400K, reserved 1114112K
  class space    used 766K, committed 896K, reserved 1048576K
}
Event: 0.898 GC heap before
{Heap before GC invocations=26 (full 0):
 garbage-first heap   total 755712K, used 349481K [0x000000070b400000, 0x0000000800000000)
  region size 2048K, 3 young (6144K), 2 survivors (4096K)
 Metaspace       used 6124K, committed 6400K, reserved 1114112K
  class space    used 766K, committed 896K, reserved 1048576K
}
Event: 0.900 GC heap after
{Heap after GC invocations=27 (full 0):
 garbage-first heap   total 755712K, used 349148K [0x000000070b400000, 0x0000000800000000)
  region size 2048K, 1 young (2048K), 1 survivors (2048K)
 Metaspace       used 6124K, committed 6400K, reserved 1114112K
  class space    used 766K, committed 896K, reserved 1048576K
}
Event: 0.903 GC heap before
{Heap before GC invocations=28 (full 0):
 garbage-first heap   total 755712K, used 351196K [0x000000070b400000, 0x0000000800000000)
  region size 2048K, 2 young (4096K), 1 survivors (2048K)
 Metaspace       used 6124K, committed 6400K, reserved 1114112K
  class space    used 766K, committed 896K, reserved 1048576K
}
Event: 0.903 GC heap after
{Heap after GC invocations=29 (full 0):
 garbage-first heap   total 755712K, used 351272K [0x000000070b400000, 0x0000000800000000)
  region size 2048K, 1 young (2048K), 1 survivors (2048K)
 Metaspace       used 6124K, committed 6400K, reserved 1114112K
  class space    used 766K, committed 896K, reserved 1048576K
}
Event: 0.910 GC heap before
{Heap before GC invocations=30 (full 0):
 garbage-first heap   total 755712K, used 355368K [0x000000070b400000, 0x0000000800000000)
  region size 2048K, 2 young (4096K), 1 survivors (2048K)
 Metaspace       used 6124K, committed 6400K, reserved 1114112K
  class space    used 766K, committed 896K, reserved 1048576K
}
Event: 0.910 GC heap after
{Heap after GC invocations=31 (full 0):
 garbage-first heap   total 755712K, used 355335K [0x000000070b400000, 0x0000000800000000)
  region size 2048K, 1 young (2048K), 1 survivors (2048K)
 Metaspace       used 6124K, committed 6400K, reserved 1114112K
  class space    used 766K, committed 896K, reserved 1048576K
}
Event: 0.916 GC heap before
{Heap before GC invocations=32 (full 0):
 garbage-first heap   total 755712K, used 359431K [0x000000070b400000, 0x0000000800000000)
  region size 2048K, 2 young (4096K), 1 survivors (2048K)
 Metaspace       used 6124K, committed 6400K, reserved 1114112K
  class space    used 766K, committed 896K, reserved 1048576K
}

